TN:
SF:src/index.js
FN:3,(anonymous_0)
FN:10,(anonymous_1)
FN:18,(anonymous_2)
FNF:3
FNH:3
FNDA:16,(anonymous_0)
FNDA:3,(anonymous_1)
FNDA:14,(anonymous_2)
DA:3,1
DA:4,16
DA:5,6
DA:7,10
DA:10,1
DA:11,3
DA:12,3
DA:14,3
DA:18,3
DA:19,14
DA:20,14
DA:22,14
DA:23,8
DA:24,8
DA:26,8
DA:27,6
DA:30,2
DA:36,6
DA:37,4
DA:40,2
DA:43,3
LF:21
LH:21
BRDA:4,0,0,6
BRDA:4,0,1,10
BRDA:22,1,0,8
BRDA:22,1,1,6
BRDA:22,2,0,14
BRDA:22,2,1,12
BRDA:26,3,0,6
BRDA:26,3,1,2
BRDA:36,4,0,4
BRDA:36,4,1,2
BRF:10
BRH:10
end_of_record
TN:
SF:src/parsers.js
FN:4,(anonymous_0)
FN:6,(anonymous_1)
FNF:2
FNH:2
FNDA:6,(anonymous_0)
FNDA:6,(anonymous_1)
DA:4,6
DA:6,1
DA:7,6
DA:8,6
LF:4
LH:4
BRF:0
BRH:0
end_of_record
